This is LuaTeX, Version 1.10.0 (TeX Live 2019/W32TeX)  (format=luatex 2019.5.23)  24 MAY 2019 08:55
 restricted system commands enabled.
**biblatex-bath.dtx
(./biblatex-bath.dtx (c:/texlive/2019/texmf-dist/tex/latex/base/docstrip.tex
\blockLevel=\count27
\emptyLines=\count28
\processedLines=\count29
\commentsRemoved=\count30
\commentsPassed=\count31
\codeLinesPassed=\count32
\TotalprocessedLines=\count33
\TotalcommentsRemoved=\count34
\TotalcommentsPassed=\count35
\TotalcodeLinesPassed=\count36
\NumberOfFiles=\count37
\inFile=\read1
\inputcheck=\read2
\@tempcnta=\count38
\off@0=\count39
\off@1=\count40
\off@2=\count41
\off@3=\count42
\off@4=\count43
\off@5=\count44
\off@6=\count45
\off@7=\count46
\off@8=\count47
\off@9=\count48
\off@10=\count49
\off@11=\count50
\off@12=\count51
\off@13=\count52
\off@14=\count53
\off@15=\count54
\@temptokena=\toks13
\@maxfiles=\count55
\@maxoutfiles=\count56

Utility: `docstrip' 2.5g <2018/05/03>
English documentation    <2018/05/03>

**********************************************************
* This program converts documented macro-files into fast *
* loadable files by stripping off (nearly) all comments! *
**********************************************************

********************************************************
* No Configuration file found, using default settings. *
********************************************************

)

Generating file(s) README.md biblatex-bath.bib 

\openout0 = README.md

\openout1 = biblatex-bath.bib

Processing file biblatex-bath.dtx (readme) -> README.md
                                  (bib) -> biblatex-bath.bib
Lines  processed: 3929
Comments removed: 542
Comments  passed: 0
Codelines passed: 3127


Generating file(s) bath.bbx bath.cbx bath.dbx british-bath.lbx american-bath.lbx
 

\openout0 = bath.bbx

\openout1 = bath.cbx

\openout2 = bath.dbx

\openout3 = british-bath.lbx

\openout4 = american-bath.lbx

Processing file biblatex-bath.dtx (bbx) -> bath.bbx
                                  (cbx) -> bath.cbx
                                  (dbx) -> bath.dbx
                                  (lbx) -> british-bath.lbx
                                  (lbx-us) -> american-bath.lbx
Lines  processed: 3929
Comments removed: 542
Comments  passed: 0
Codelines passed: 3127


Generating file(s) biblatex-bath.ins 

\openout0 = biblatex-bath.ins

Processing file biblatex-bath.dtx (install) -> biblatex-bath.ins
Lines  processed: 3929
Comments removed: 542
Comments  passed: 0
Codelines passed: 3127

Overall statistics:
Files  processed: 3
Lines  processed: 11787
Comments removed: 1626
Comments  passed: 0
Codelines passed: 9381
)
warning  (pdf backend): no pages of output.

PDF statistics: 0 PDF objects out of 1000 (max. 8388607)
 0 named destinations out of 1000 (max. 131072)
 1 words of extra memory for PDF output out of 10000 (max. 100000000)

